<?xml version="1.0" encoding="UTF-8"?>
<!-- Generated by org.testng.reporters.JUnitXMLReporter -->
<testsuite ignored="0" hostname="DESKTOP-EVK9GMC" failures="1" tests="3" name="Test" time="101.812" errors="0" timestamp="16 Feb 2021 01:57:01 GMT">
  <testcase classname="testscripts.FacebookLike" name="likefacebook" time="25.379"/>
  <testcase classname="testscripts.AddingTocart" name="addingTocart" time="9.319"/>
  <testcase classname="testscripts.TakeCourse" name="takejavaCourse" time="25.99">
    <failure type="java.lang.AssertionError" message="expected [https://skillrary.com/user/login] but found [login is displayed https://skillrary.com/user/login]">
      <![CDATA[java.lang.AssertionError: expected [https://skillrary.com/user/login] but found [login is displayed https://skillrary.com/user/login]
at genericLib.Utililies.verify(Utililies.java:66)
at testscripts.TakeCourse.takejavaCourse(TakeCourse.java:25)
... Removed 31 stack frames]]>
    </failure>
  </testcase> <!-- takejavaCourse -->
</testsuite> <!-- Test -->
